<?xml version="1.0" encoding="UTF-8"?>
<testng-results skipped="0" failed="1" ignored="0" total="1" passed="0">
  <reporter-output>
  </reporter-output>
  <suite name="Suite" duration-ms="21400" started-at="2022-02-07T19:29:04Z" finished-at="2022-02-07T19:29:25Z">
    <groups>
    </groups>
    <test name="Test" duration-ms="21400" started-at="2022-02-07T19:29:04Z" finished-at="2022-02-07T19:29:25Z">
      <class name="testcase.LanuchBrowser">
        <test-method status="PASS" signature="setup()[pri:0, instance:testcase.LanuchBrowser@ae45eb6]" name="setup" is-config="true" duration-ms="158" started-at="2022-02-08T00:59:03Z" finished-at="2022-02-08T00:59:04Z">
          <reporter-output>
          </reporter-output>
        </test-method> <!-- setup -->
        <test-method status="PASS" signature="LunchApplication()[pri:0, instance:testcase.LanuchBrowser@ae45eb6]" name="LunchApplication" is-config="true" duration-ms="17580" started-at="2022-02-08T00:59:04Z" finished-at="2022-02-08T00:59:21Z">
          <reporter-output>
          </reporter-output>
        </test-method> <!-- LunchApplication -->
        <test-method status="FAIL" signature="VerifyRetryFailedTc()[pri:0, instance:testcase.LanuchBrowser@ae45eb6]" name="VerifyRetryFailedTc" duration-ms="2106" started-at="2022-02-08T00:59:21Z" finished-at="2022-02-08T00:59:23Z">
          <exception class="java.lang.ArithmeticException">
            <message>
              <![CDATA[/ by zero]]>
            </message>
            <full-stacktrace>
              <![CDATA[java.lang.ArithmeticException: / by zero
	at testcase.LanuchBrowser.VerifyRetryFailedTc(LanuchBrowser.java:84)
	at sun.reflect.NativeMethodAccessorImpl.invoke0(Native Method)
	at sun.reflect.NativeMethodAccessorImpl.invoke(Unknown Source)
	at sun.reflect.DelegatingMethodAccessorImpl.invoke(Unknown Source)
	at java.lang.reflect.Method.invoke(Unknown Source)
	at org.testng.internal.MethodInvocationHelper.invokeMethod(MethodInvocationHelper.java:108)
	at org.testng.internal.Invoker.invokeMethod(Invoker.java:661)
	at org.testng.internal.Invoker.invokeTestMethod(Invoker.java:869)
	at org.testng.internal.Invoker.invokeTestMethods(Invoker.java:1193)
	at org.testng.internal.TestMethodWorker.invokeTestMethods(TestMethodWorker.java:126)
	at org.testng.internal.TestMethodWorker.run(TestMethodWorker.java:109)
	at org.testng.TestRunner.privateRun(TestRunner.java:744)
	at org.testng.TestRunner.run(TestRunner.java:602)
	at org.testng.SuiteRunner.runTest(SuiteRunner.java:380)
	at org.testng.SuiteRunner.runSequentially(SuiteRunner.java:375)
	at org.testng.SuiteRunner.privateRun(SuiteRunner.java:340)
	at org.testng.SuiteRunner.run(SuiteRunner.java:289)
	at org.testng.SuiteRunnerWorker.runSuite(SuiteRunnerWorker.java:52)
	at org.testng.SuiteRunnerWorker.run(SuiteRunnerWorker.java:86)
	at org.testng.TestNG.runSuitesSequentially(TestNG.java:1301)
	at org.testng.TestNG.runSuitesLocally(TestNG.java:1226)
	at org.testng.TestNG.runSuites(TestNG.java:1144)
	at org.testng.TestNG.run(TestNG.java:1115)
	at org.testng.remote.AbstractRemoteTestNG.run(AbstractRemoteTestNG.java:114)
	at org.testng.remote.RemoteTestNG.initAndRun(RemoteTestNG.java:251)
	at org.testng.remote.RemoteTestNG.main(RemoteTestNG.java:77)
]]>
            </full-stacktrace>
          </exception> <!-- java.lang.ArithmeticException -->
          <reporter-output>
          </reporter-output>
        </test-method> <!-- VerifyRetryFailedTc -->
        <test-method status="PASS" signature="teardown(org.testng.ITestResult)[pri:0, instance:testcase.LanuchBrowser@ae45eb6]" name="teardown" is-config="true" duration-ms="1695" started-at="2022-02-08T00:59:23Z" finished-at="2022-02-08T00:59:25Z">
          <params>
            <param index="0">
              <value>
                <![CDATA[[TestResult name=VerifyRetryFailedTc status=FAILURE method=LanuchBrowser.VerifyRetryFailedTc()[pri:0, instance:testcase.LanuchBrowser@ae45eb6] output={null}]]]>
              </value>
            </param>
          </params>
          <reporter-output>
          </reporter-output>
        </test-method> <!-- teardown -->
        <test-method status="PASS" signature="teardown1()[pri:0, instance:testcase.LanuchBrowser@ae45eb6]" name="teardown1" is-config="true" duration-ms="508" started-at="2022-02-08T00:59:25Z" finished-at="2022-02-08T00:59:26Z">
          <reporter-output>
          </reporter-output>
        </test-method> <!-- teardown1 -->
      </class> <!-- testcase.LanuchBrowser -->
    </test> <!-- Test -->
  </suite> <!-- Suite -->
</testng-results>
