<?xml version="1.0" encoding="UTF-8"?>
<!-- Generated by org.testng.reporters.JUnitXMLReporter -->
<testsuite hostname="DESKTOP-AB9JGRN" ignored="0" name="Test" tests="1" failures="1" timestamp="07 Feb 2022 19:29:25 GMT" time="21.4" errors="0">
  <testcase name="VerifyRetryFailedTc" time="2.106" classname="testcase.LanuchBrowser">
    <failure type="java.lang.ArithmeticException" message="/ by zero">
      <![CDATA[java.lang.ArithmeticException: / by zero
	at testcase.LanuchBrowser.VerifyRetryFailedTc(LanuchBrowser.java:84)
... Removed 25 stack frames]]>
    </failure>
  </testcase> <!-- VerifyRetryFailedTc -->
</testsuite> <!-- Test -->
