<?xml version="1.0" encoding="UTF-8"?>
<!-- Generated by org.testng.reporters.JUnitXMLReporter -->
<testsuite hostname="DESKTOP-AB9JGRN" ignored="0" name="Test" tests="4" failures="1" timestamp="08 Feb 2022 10:18:21 GMT" time="48.138" errors="0">
  <testcase name="VerifyRetryFailedTc" time="2.073" classname="testcase.LanuchBrowser">
    <skipped/>
  </testcase> <!-- VerifyRetryFailedTc -->
  <testcase name="VerifyRetryFailedTc" time="2.044" classname="testcase.LanuchBrowser">
    <skipped/>
  </testcase> <!-- VerifyRetryFailedTc -->
  <testcase name="VerifyRetryFailedTc" time="2.039" classname="testcase.LanuchBrowser">
    <skipped/>
  </testcase> <!-- VerifyRetryFailedTc -->
  <testcase name="VerifyRetryFailedTc" time="2.038" classname="testcase.LanuchBrowser">
    <failure type="java.lang.ArithmeticException" message="/ by zero">
      <![CDATA[java.lang.ArithmeticException: / by zero
	at testcase.LanuchBrowser.VerifyRetryFailedTc(LanuchBrowser.java:84)
... Removed 25 stack frames]]>
    </failure>
  </testcase> <!-- VerifyRetryFailedTc -->
</testsuite> <!-- Test -->
